#
# There is insufficient memory for the Java Runtime Environment to continue.
# Native memory allocation (mmap) failed to map 134217728 bytes. Error detail: G1 virtual space
# Possible reasons:
#   The system is out of physical RAM or swap space
#   This process is running with CompressedOops enabled, and the Java Heap may be blocking the growth of the native heap
# Possible solutions:
#   Reduce memory load on the system
#   Increase physical memory or swap space
#   Check if swap backing store is full
#   Decrease Java heap size (-Xmx/-Xms)
#   Decrease number of Java threads
#   Decrease Java thread stack sizes (-Xss)
#   Set larger code cache with -XX:ReservedCodeCacheSize=
#   JVM is running with Unscaled Compressed Oops mode in which the Java heap is
#     placed in the first 4GB address space. The Java Heap base address is the
#     maximum limit for the native heap growth. Please use -XX:HeapBaseMinAddress
#     to set the Java Heap base and to place the Java Heap above 4GB virtual address.
# This output file may be truncated or incomplete.
#
#  Out of Memory Error (os_windows.cpp:3713), pid=23188, tid=48168
#
# JRE version:  (21.0.9+10) (build )
# Java VM: OpenJDK 64-Bit Server VM (21.0.9+10-LTS, mixed mode, sharing, tiered, compressed oops, compressed class ptrs, g1 gc, windows-amd64)
# No core dump will be written. Minidumps are not enabled by default on client versions of Windows
#

---------------  S U M M A R Y ------------

Command Line: -Dfile.encoding=UTF-8 -Dstdout.encoding=UTF-8 -Dstderr.encoding=UTF-8 -XX:+ShowCodeDetailsInExceptionMessages projetdeux.ModifPanel

Host: Intel(R) Core(TM) i5-6600K CPU @ 3.50GHz, 4 cores, 7G,  Windows 10 , 64 bit Build 19041 (10.0.19041.5915)
Time: Sat Jan 17 23:39:49 2026 elapsed time: 0.024961 seconds (0d 0h 0m 0s)

---------------  T H R E A D  ---------------

Current thread (0x000002437a51fb10):  JavaThread "Unknown thread" [_thread_in_vm, id=48168, stack(0x000000df4a000000,0x000000df4a100000) (1024K)]

Stack: [0x000000df4a000000,0x000000df4a100000]
Native frames: (J=compiled Java code, j=interpreted, Vv=VM code, C=native code)
V  [jvm.dll+0x6d6e29]
V  [jvm.dll+0x8b4b76]
V  [jvm.dll+0x8b712e]
V  [jvm.dll+0x8b7813]
V  [jvm.dll+0x283d86]
V  [jvm.dll+0x6d3745]
V  [jvm.dll+0x6c747a]
V  [jvm.dll+0x35e7e8]
V  [jvm.dll+0x366426]
V  [jvm.dll+0x3b73fe]
V  [jvm.dll+0x3b76a8]
V  [jvm.dll+0x3329ec]
V  [jvm.dll+0x33353b]
V  [jvm.dll+0x87deeb]
V  [jvm.dll+0x3c4381]
V  [jvm.dll+0x867135]
V  [jvm.dll+0x457391]
V  [jvm.dll+0x458f81]
C  [jli.dll+0x52d0]
C  [ucrtbase.dll+0x21bb2]
C  [KERNEL32.DLL+0x17374]
C  [ntdll.dll+0x4cc91]


---------------  P R O C E S S  ---------------

Threads class SMR info:
_java_thread_list=0x00007ffc789291c8, length=0, elements={
}

Java Threads: ( => current thread )
Total: 0

Other Threads:
  0x000002437c772400 WorkerThread "GC Thread#0"                     [id=12948, stack(0x000000df4a100000,0x000000df4a200000) (1024K)]
  0x000002437c785360 ConcurrentGCThread "G1 Main Marker"            [id=52832, stack(0x000000df4a200000,0x000000df4a300000) (1024K)]
  0x000002437c785d70 WorkerThread "G1 Conc#0"                       [id=53104, stack(0x000000df4a300000,0x000000df4a400000) (1024K)]

[error occurred during error reporting (printing all threads), id 0xc0000005, EXCEPTION_ACCESS_VIOLATION (0xc0000005) at pc=0x00007ffc780250d7]
VM state: not at safepoint (not fully initialized)

VM Mutex/Monitor currently owned by a thread:  ([mutex/lock_event])
[0x00007ffc7899d670] Heap_lock - owner thread: 0x000002437a51fb10

Heap address: 0x0000000080800000, size: 2040 MB, Compressed Oops mode: 32-bit

CDS archive(s) mapped at: [0x0000000000000000-0x0000000000000000-0x0000000000000000), size 0, SharedBaseAddress: 0x0000000800000000, ArchiveRelocationMode: 1.
Narrow klass base: 0x0000000000000000, Narrow klass shift: 0, Narrow klass range: 0x0

GC Precious Log:
 CardTable entry size: 512
 Card Set container configuration: InlinePtr #cards 5 size 8 Array Of Cards #cards 12 size 40 Howl #buckets 4 coarsen threshold 1843 Howl Bitmap #cards 512 size 80 coarsen threshold 460 Card regions per heap region 1 cards per card region 2048

Heap:
 garbage-first heap   total 0K, used 0K [0x0000000080800000, 0x0000000100000000)
  region size 1024K, 0 young (0K), 0 survivors (0K)

[error occurred during error reporting (printing heap information), id 0xc0000005, EXCEPTION_ACCESS_VIOLATION (0xc0000005) at pc=0x00007ffc784107a9]
GC Heap History (0 events):
No events

Dll operation events (1 events):
Event: 0.008 Loaded shared library C:\Users\kikinette\Documents\eclipse\plugins\org.eclipse.justj.openjdk.hotspot.jre.full.win32.x86_64_21.0.9.v20251105-0741\jre\bin\java.dll

Deoptimization events (0 events):
No events

Classes loaded (0 events):
No events

Classes unloaded (0 events):
No events

Classes redefined (0 events):
No events

Internal exceptions (0 events):
No events

ZGC Phase Switch (0 events):
No events

VM Operations (0 events):
No events

Memory protections (0 events):
No events

Nmethod flushes (0 events):
No events

Events (0 events):
No events


Dynamic libraries:
0x00007ff6c16f0000 - 0x00007ff6c16fe000 	C:\Users\kikinette\Documents\eclipse\plugins\org.eclipse.justj.openjdk.hotspot.jre.full.win32.x86_64_21.0.9.v20251105-0741\jre\bin\javaw.exe
0x00007ffcee670000 - 0x00007ffcee868000 	C:\WINDOWS\SYSTEM32\ntdll.dll
0x00007ffcecba0000 - 0x00007ffcecc62000 	C:\WINDOWS\System32\KERNEL32.DLL
0x00007ffcebf60000 - 0x00007ffcec256000 	C:\WINDOWS\System32\KERNELBASE.dll
0x00007ffcec2b0000 - 0x00007ffcec3b0000 	C:\WINDOWS\System32\ucrtbase.dll
0x00007ffcbc370000 - 0x00007ffcbc388000 	C:\Users\kikinette\Documents\eclipse\plugins\org.eclipse.justj.openjdk.hotspot.jre.full.win32.x86_64_21.0.9.v20251105-0741\jre\bin\jli.dll
0x00007ffcbc350000 - 0x00007ffcbc36e000 	C:\Users\kikinette\Documents\eclipse\plugins\org.eclipse.justj.openjdk.hotspot.jre.full.win32.x86_64_21.0.9.v20251105-0741\jre\bin\VCRUNTIME140.dll
0x00007ffcedde0000 - 0x00007ffcedf81000 	C:\WINDOWS\System32\USER32.dll
0x00007ffcec430000 - 0x00007ffcec452000 	C:\WINDOWS\System32\win32u.dll
0x00007ffcec690000 - 0x00007ffcec6bb000 	C:\WINDOWS\System32\GDI32.dll
0x00007ffcdef80000 - 0x00007ffcdf21b000 	C:\WINDOWS\WinSxS\amd64_microsoft.windows.common-controls_6595b64144ccf1df_6.0.19041.6456_none_60b8a6cb71f64256\COMCTL32.dll
0x00007ffcebd00000 - 0x00007ffcebe19000 	C:\WINDOWS\System32\gdi32full.dll
0x00007ffcecc70000 - 0x00007ffcecd0e000 	C:\WINDOWS\System32\msvcrt.dll
0x00007ffcec5f0000 - 0x00007ffcec68d000 	C:\WINDOWS\System32\msvcp_win.dll
0x00007ffcee3e0000 - 0x00007ffcee40f000 	C:\WINDOWS\System32\IMM32.DLL
0x00007ffcd3060000 - 0x00007ffcd306c000 	C:\Users\kikinette\Documents\eclipse\plugins\org.eclipse.justj.openjdk.hotspot.jre.full.win32.x86_64_21.0.9.v20251105-0741\jre\bin\vcruntime140_1.dll
0x00007ffcbb7a0000 - 0x00007ffcbb82d000 	C:\Users\kikinette\Documents\eclipse\plugins\org.eclipse.justj.openjdk.hotspot.jre.full.win32.x86_64_21.0.9.v20251105-0741\jre\bin\msvcp140.dll
0x00007ffc77ce0000 - 0x00007ffc78a80000 	C:\Users\kikinette\Documents\eclipse\plugins\org.eclipse.justj.openjdk.hotspot.jre.full.win32.x86_64_21.0.9.v20251105-0741\jre\bin\server\jvm.dll
0x00007ffced650000 - 0x00007ffced701000 	C:\WINDOWS\System32\ADVAPI32.dll
0x00007ffcee1a0000 - 0x00007ffcee23f000 	C:\WINDOWS\System32\sechost.dll
0x00007ffced720000 - 0x00007ffced840000 	C:\WINDOWS\System32\RPCRT4.dll
0x00007ffcec460000 - 0x00007ffcec487000 	C:\WINDOWS\System32\bcrypt.dll
0x00007ffcee370000 - 0x00007ffcee3db000 	C:\WINDOWS\System32\WS2_32.dll
0x00007ffcebb60000 - 0x00007ffcebbab000 	C:\WINDOWS\SYSTEM32\POWRPROF.dll
0x00007ffce6ff0000 - 0x00007ffce6ffa000 	C:\WINDOWS\SYSTEM32\VERSION.dll
0x00007ffce3270000 - 0x00007ffce3297000 	C:\WINDOWS\SYSTEM32\WINMM.dll
0x00007ffcebb40000 - 0x00007ffcebb52000 	C:\WINDOWS\SYSTEM32\UMPDC.dll
0x00007ffce9a80000 - 0x00007ffce9a92000 	C:\WINDOWS\SYSTEM32\kernel.appcore.dll
0x00007ffce72f0000 - 0x00007ffce72fa000 	C:\Users\kikinette\Documents\eclipse\plugins\org.eclipse.justj.openjdk.hotspot.jre.full.win32.x86_64_21.0.9.v20251105-0741\jre\bin\jimage.dll
0x00007ffce2860000 - 0x00007ffce2a61000 	C:\WINDOWS\SYSTEM32\DBGHELP.DLL
0x00007ffcc93c0000 - 0x00007ffcc93f4000 	C:\WINDOWS\SYSTEM32\dbgcore.DLL
0x00007ffcebe20000 - 0x00007ffcebea2000 	C:\WINDOWS\System32\bcryptPrimitives.dll
0x00007ffce7280000 - 0x00007ffce72a0000 	C:\Users\kikinette\Documents\eclipse\plugins\org.eclipse.justj.openjdk.hotspot.jre.full.win32.x86_64_21.0.9.v20251105-0741\jre\bin\java.dll

JVMTI agents: none

dbghelp: loaded successfully - version: 4.0.5 - missing functions: none
symbol engine: initialized successfully - sym options: 0x614 - pdb path: .;C:\Users\kikinette\Documents\eclipse\plugins\org.eclipse.justj.openjdk.hotspot.jre.full.win32.x86_64_21.0.9.v20251105-0741\jre\bin;C:\WINDOWS\SYSTEM32;C:\WINDOWS\WinSxS\amd64_microsoft.windows.common-controls_6595b64144ccf1df_6.0.19041.6456_none_60b8a6cb71f64256;C:\Users\kikinette\Documents\eclipse\plugins\org.eclipse.justj.openjdk.hotspot.jre.full.win32.x86_64_21.0.9.v20251105-0741\jre\bin\server

VM Arguments:
jvm_args: -Dfile.encoding=UTF-8 -Dstdout.encoding=UTF-8 -Dstderr.encoding=UTF-8 -XX:+ShowCodeDetailsInExceptionMessages 
java_command: projetdeux.ModifPanel
java_class_path (initial): C:\Users\kikinette\eclipse-workspace\projetdeux\bin;C:\Users\kikinette\eclipse-workspace\projetdeux\lib\mysql-connector-j-9.5.0.jar
Launcher Type: SUN_STANDARD

[Global flags]
     intx CICompilerCount                          = 3                                         {product} {ergonomic}
     uint ConcGCThreads                            = 1                                         {product} {ergonomic}
     uint G1ConcRefinementThreads                  = 4                                         {product} {ergonomic}
   size_t G1HeapRegionSize                         = 1048576                                   {product} {ergonomic}
    uintx GCDrainStackTargetSize                   = 64                                        {product} {ergonomic}
   size_t InitialHeapSize                          = 134217728                                 {product} {ergonomic}
   size_t MarkStackSize                            = 4194304                                   {product} {ergonomic}
   size_t MaxHeapSize                              = 2139095040                                {product} {ergonomic}
   size_t MinHeapDeltaBytes                        = 1048576                                   {product} {ergonomic}
   size_t MinHeapSize                              = 8388608                                   {product} {ergonomic}
    uintx NonNMethodCodeHeapSize                   = 5832780                                {pd product} {ergonomic}
    uintx NonProfiledCodeHeapSize                  = 122912730                              {pd product} {ergonomic}
    uintx ProfiledCodeHeapSize                     = 122912730                              {pd product} {ergonomic}
    uintx ReservedCodeCacheSize                    = 251658240                              {pd product} {ergonomic}
     bool SegmentedCodeCache                       = true                                      {product} {ergonomic}
     bool ShowCodeDetailsInExceptionMessages       = true                                   {manageable} {command line}
   size_t SoftMaxHeapSize                          = 2139095040                             {manageable} {ergonomic}
     bool UseCompressedOops                        = true                           {product lp64_product} {ergonomic}
     bool UseG1GC                                  = true                                      {product} {ergonomic}
     bool UseLargePagesIndividualAllocation        = false                                  {pd product} {ergonomic}

Logging:
Log output configuration:
 #0: stdout all=warning uptime,level,tags foldmultilines=false
 #1: stderr all=off uptime,level,tags foldmultilines=false

Release file:
<release file has not been read>
Environment Variables:
JAVA_HOME=C:\Program Files\Eclipse Adoptium\jdk-25.0.1.8-hotspot\
PATH=C:/Users/kikinette/Documents/eclipse//plugins/org.eclipse.justj.openjdk.hotspot.jre.full.win32.x86_64_21.0.9.v20251105-0741/jre/bin/server;C:/Users/kikinette/Documents/eclipse//plugins/org.eclipse.justj.openjdk.hotspot.jre.full.win32.x86_64_21.0.9.v20251105-0741/jre/bin;C:\Program Files\Eclipse Adoptium\jdk-25.0.1.8-hotspot\bin;C:\Program Files\Python36\Scripts\;C:\Program Files\Python36\;C:\Program Files\AdoptOpenJDK\jdk-8.0.242.08-hotspot\bin;C:\Program Files (x86)\Common Files\Oracle\Java\javapath;C:\ProgramData\Oracle\Java\javapath;C:\Program Files (x86)\Intel\iCLS Client\;C:\Program Files\Intel\iCLS Client\;C:\WINDOWS\system32;C:\WINDOWS;C:\WINDOWS\System32\Wbem;C:\WINDOWS\System32\WindowsPowerShell\v1.0\;C:\Program Files (x86)\Intel\Intel(R) Management Engine Components\DAL;C:\Program Files\Intel\Intel(R) Management Engine Components\DAL;C:\Program Files (x86)\Intel\Intel(R) Management Engine Components\IPT;C:\Program Files\Intel\Intel(R) Management Engine Components\IPT;C:\WINDOWS\System32\OpenSSH\;C:\Program Files\NVIDIA Corporation\NVIDIA NvDLISR;C:\WINDOWS\system32;C:\WINDOWS;C:\WINDOWS\System32\Wbem;C:\WINDOWS\System32\WindowsPowerShell\v1.0\;C:\WINDOWS\System32\OpenSSH\;C:\Program Files\Git\cmd;C:\Program Files\Java\jdk-11.0.6\bin;C:\Users\kikinette\AppData\Local\Microsoft\WindowsApps;C:\Users\kikinette\AppData\Local\Programs\Microsoft VS Code\bin;C:\Users\kikinette\AppData\Local\Programs\Microsoft VS Code;;C:\Users\kikinette\Documents\eclipse;
USERNAME=kikinette
OS=Windows_NT
PROCESSOR_IDENTIFIER=Intel64 Family 6 Model 94 Stepping 3, GenuineIntel
TMP=C:\Users\KIKINE~1\AppData\Local\Temp
TEMP=C:\Users\KIKINE~1\AppData\Local\Temp




Periodic native trim disabled

---------------  S Y S T E M  ---------------

OS:
 Windows 10 , 64 bit Build 19041 (10.0.19041.5915)
OS uptime: 2 days 11:41 hours

CPU: total 4 (initial active 4) (4 cores per cpu, 1 threads per core) family 6 model 94 stepping 3 microcode 0xcc, cx8, cmov, fxsr, mmx, 3dnowpref, sse, sse2, sse3, ssse3, sse4.1, sse4.2, popcnt, lzcnt, tsc, tscinvbit, avx, avx2, aes, erms, clmul, bmi1, bmi2, rtm, adx, fma, vzeroupper, clflush, clflushopt, rdtscp, f16c
Processor Information for the first 4 processors :
  Max Mhz: 3504, Current Mhz: 3504, Mhz Limit: 3504

Memory: 4k page, system-wide physical 8152M (562M free)
TotalPageFile size 32728M (AvailPageFile size 42M)
current process WorkingSet (physical memory assigned to process): 10M, peak: 10M
current process commit charge ("private bytes"): 51M, peak: 179M

vm_info: OpenJDK 64-Bit Server VM (21.0.9+10-LTS) for windows-amd64 JRE (21.0.9+10-LTS), built on 2025-10-21T00:00:00Z by "admin" with unknown MS VC++:1942

END.
